<?xml version="1.0" encoding="UTF-8"?>
<!-- Generated by org.testng.reporters.JUnitReportReporter -->
<testsuite hostname="DESKTOP-MLL2AKI" failures="0" tests="1" name="com.om.PagesTest.LoginPageTest" time="7.704" errors="0" timestamp="2023-09-25T09:37:36 PDT" skipped="0">
  <testcase classname="com.om.PagesTest.LoginPageTest" name="loginpagetest" time="7.704"/>
</testsuite> <!-- com.om.PagesTest.LoginPageTest -->
